<?xml version="1.0" encoding="UTF-8"?>
<!-- Generated by org.testng.reporters.JUnitReportReporter -->
<testsuite hostname="DESKTOP-20G0H2Q" failures="0" tests="1" name="test.test1" time="1.400" errors="0" timestamp="2023-12-18T12:29:21 IST" skipped="0">
  <testcase classname="test.test1" name="t1" time="1.400"/>
  <system-out/>
</testsuite> <!-- test.test1 -->
