<?xml version="1.0" encoding="UTF-8"?>
<!-- Generated by org.testng.reporters.JUnitReportReporter -->
<testsuite hostname="DESKTOP-20G0H2Q" failures="0" tests="4" name="trelloAutomation.TrelloAPI" time="4.895" errors="0" timestamp="2023-12-18T17:56:02 IST" skipped="0">
  <testcase classname="trelloAutomation.TrelloAPI" name="createBoard" time="2.720"/>
  <system-out/>
  <testcase classname="trelloAutomation.TrelloAPI" name="getBoardId" time="0.390"/>
  <system-out/>
  <testcase classname="trelloAutomation.TrelloAPI" name="putRequest" time="0.385"/>
  <system-out/>
  <testcase classname="trelloAutomation.TrelloAPI" name="deleteRequest" time="1.400"/>
  <system-out/>
</testsuite> <!-- trelloAutomation.TrelloAPI -->
