<?xml version="1.0" encoding="UTF-8"?>
<!-- Generated by org.testng.reporters.JUnitReportReporter -->
<testsuite hostname="DESKTOP-20G0H2Q" failures="0" tests="1" name="test.Test2" time="4.359" errors="0" timestamp="2023-12-18T14:58:16 IST" skipped="0">
  <testcase classname="test.Test2" name="tc1" time="4.359"/>
  <system-out/>
</testsuite> <!-- test.Test2 -->
